2017/04/10 18:50:14 [error] [php] htmlspecialchars(): charset `utf8' not supported, assuming utf-8 (C:\xampp\htdocs\veber\framework\web\helpers\CHtml.php:108)
Stack trace:
#0 C:\xampp\htdocs\veber\framework\web\CBaseController.php(126): require()
#1 C:\xampp\htdocs\veber\framework\web\CBaseController.php(95): SiteController->renderInternal()
#2 C:\xampp\htdocs\veber\framework\web\CController.php(869): SiteController->renderFile()
#3 C:\xampp\htdocs\veber\framework\web\CController.php(782): SiteController->renderPartial()
#4 C:\xampp\htdocs\veber\www\protected\controllers\SiteController.php(32): SiteController->render()
#5 C:\xampp\htdocs\veber\framework\web\actions\CInlineAction.php(49): SiteController->actionIndex()
#6 C:\xampp\htdocs\veber\framework\web\CController.php(308): CInlineAction->runWithParams()
#7 C:\xampp\htdocs\veber\framework\web\CController.php(286): SiteController->runAction()
#8 C:\xampp\htdocs\veber\framework\web\CController.php(265): SiteController->runActionWithFilters()
#9 C:\xampp\htdocs\veber\framework\web\CWebApplication.php(282): SiteController->run()
#10 C:\xampp\htdocs\veber\framework\web\CWebApplication.php(141): CWebApplication->runController()
#11 C:\xampp\htdocs\veber\framework\base\CApplication.php(185): CWebApplication->processRequest()
#12 C:\xampp\htdocs\veber\www\index.php(13): CWebApplication->run()
REQUEST_URI=/veber/www/
in C:\xampp\htdocs\veber\www\protected\views\site\index.php (7)
in C:\xampp\htdocs\veber\www\protected\controllers\SiteController.php (32)
in C:\xampp\htdocs\veber\www\index.php (13)
2017/04/10 18:50:47 [error] [php] htmlspecialchars(): charset `utf8' not supported, assuming utf-8 (C:\xampp\htdocs\veber\framework\web\helpers\CHtml.php:108)
Stack trace:
#0 C:\xampp\htdocs\veber\framework\web\CBaseController.php(126): require()
#1 C:\xampp\htdocs\veber\framework\web\CBaseController.php(95): SiteController->renderInternal()
#2 C:\xampp\htdocs\veber\framework\web\CController.php(869): SiteController->renderFile()
#3 C:\xampp\htdocs\veber\framework\web\CController.php(782): SiteController->renderPartial()
#4 C:\xampp\htdocs\veber\www\protected\controllers\SiteController.php(32): SiteController->render()
#5 C:\xampp\htdocs\veber\framework\web\actions\CInlineAction.php(49): SiteController->actionIndex()
#6 C:\xampp\htdocs\veber\framework\web\CController.php(308): CInlineAction->runWithParams()
#7 C:\xampp\htdocs\veber\framework\web\CController.php(286): SiteController->runAction()
#8 C:\xampp\htdocs\veber\framework\web\CController.php(265): SiteController->runActionWithFilters()
#9 C:\xampp\htdocs\veber\framework\web\CWebApplication.php(282): SiteController->run()
#10 C:\xampp\htdocs\veber\framework\web\CWebApplication.php(141): CWebApplication->runController()
#11 C:\xampp\htdocs\veber\framework\base\CApplication.php(185): CWebApplication->processRequest()
#12 C:\xampp\htdocs\veber\www\index.php(13): CWebApplication->run()
REQUEST_URI=/veber/www/
in C:\xampp\htdocs\veber\www\protected\views\site\index.php (7)
in C:\xampp\htdocs\veber\www\protected\controllers\SiteController.php (32)
in C:\xampp\htdocs\veber\www\index.php (13)
2017/04/10 20:11:22 [error] [exception.CException] exception 'CException' with message 'Не определено свойство "SiteController.description".' in C:\xampp\htdocs\veber\framework\base\CComponent.php:130
Stack trace:
#0 C:\xampp\htdocs\veber\www\protected\views\layouts\main.php(13): CComponent->__get('description')
#1 C:\xampp\htdocs\veber\framework\web\CBaseController.php(126): require('C:\\xampp\\htdocs...')
#2 C:\xampp\htdocs\veber\framework\web\CBaseController.php(95): CBaseController->renderInternal('C:\\xampp\\htdocs...', Array, true)
#3 C:\xampp\htdocs\veber\framework\web\widgets\CContentDecorator.php(76): CBaseController->renderFile('C:\\xampp\\htdocs...', Array, true)
#4 C:\xampp\htdocs\veber\framework\web\widgets\CContentDecorator.php(54): CContentDecorator->decorate('<div id="conten...')
#5 C:\xampp\htdocs\veber\framework\web\widgets\COutputProcessor.php(44): CContentDecorator->processOutput('<div id="conten...')
#6 C:\xampp\htdocs\veber\framework\web\CBaseController.php(214): COutputProcessor->run()
#7 C:\xampp\htdocs\veber\framework\web\CBaseController.php(308): CBaseController->endWidget('CContentDecorat...')
#8 C:\xampp\htdocs\veber\www\protected\views\layouts\column1.php(6): CBaseController->endContent()
#9 C:\xampp\htdocs\veber\framework\web\CBaseController.php(126): require('C:\\xampp\\htdocs...')
#10 C:\xampp\htdocs\veber\framework\web\CBaseController.php(95): CBaseController->renderInternal('C:\\xampp\\htdocs...', Array, true)
#11 C:\xampp\htdocs\veber\framework\web\CController.php(784): CBaseController->renderFile('C:\\xampp\\htdocs...', Array, true)
#12 C:\xampp\htdocs\veber\www\protected\controllers\SiteController.php(32): CController->render('index')
#13 C:\xampp\htdocs\veber\framework\web\actions\CInlineAction.php(49): SiteController->actionIndex()
#14 C:\xampp\htdocs\veber\framework\web\CController.php(308): CInlineAction->runWithParams(Array)
#15 C:\xampp\htdocs\veber\framework\web\CController.php(286): CController->runAction(Object(CInlineAction))
#16 C:\xampp\htdocs\veber\framework\web\CController.php(265): CController->runActionWithFilters(Object(CInlineAction), Array)
#17 C:\xampp\htdocs\veber\framework\web\CWebApplication.php(282): CController->run('')
#18 C:\xampp\htdocs\veber\framework\web\CWebApplication.php(141): CWebApplication->runController('')
#19 C:\xampp\htdocs\veber\framework\base\CApplication.php(185): CWebApplication->processRequest()
#20 C:\xampp\htdocs\veber\www\index.php(13): CApplication->run()
#21 {main}
REQUEST_URI=/veber/www/
---
2017/04/10 20:11:30 [error] [exception.CException] exception 'CException' with message 'Не определено свойство "SiteController.description".' in C:\xampp\htdocs\veber\framework\base\CComponent.php:130
Stack trace:
#0 C:\xampp\htdocs\veber\www\protected\views\layouts\main.php(13): CComponent->__get('description')
#1 C:\xampp\htdocs\veber\framework\web\CBaseController.php(126): require('C:\\xampp\\htdocs...')
#2 C:\xampp\htdocs\veber\framework\web\CBaseController.php(95): CBaseController->renderInternal('C:\\xampp\\htdocs...', Array, true)
#3 C:\xampp\htdocs\veber\framework\web\widgets\CContentDecorator.php(76): CBaseController->renderFile('C:\\xampp\\htdocs...', Array, true)
#4 C:\xampp\htdocs\veber\framework\web\widgets\CContentDecorator.php(54): CContentDecorator->decorate('<div id="conten...')
#5 C:\xampp\htdocs\veber\framework\web\widgets\COutputProcessor.php(44): CContentDecorator->processOutput('<div id="conten...')
#6 C:\xampp\htdocs\veber\framework\web\CBaseController.php(214): COutputProcessor->run()
#7 C:\xampp\htdocs\veber\framework\web\CBaseController.php(308): CBaseController->endWidget('CContentDecorat...')
#8 C:\xampp\htdocs\veber\www\protected\views\layouts\column1.php(6): CBaseController->endContent()
#9 C:\xampp\htdocs\veber\framework\web\CBaseController.php(126): require('C:\\xampp\\htdocs...')
#10 C:\xampp\htdocs\veber\framework\web\CBaseController.php(95): CBaseController->renderInternal('C:\\xampp\\htdocs...', Array, true)
#11 C:\xampp\htdocs\veber\framework\web\CController.php(784): CBaseController->renderFile('C:\\xampp\\htdocs...', Array, true)
#12 C:\xampp\htdocs\veber\www\protected\controllers\SiteController.php(32): CController->render('index')
#13 C:\xampp\htdocs\veber\framework\web\actions\CInlineAction.php(49): SiteController->actionIndex()
#14 C:\xampp\htdocs\veber\framework\web\CController.php(308): CInlineAction->runWithParams(Array)
#15 C:\xampp\htdocs\veber\framework\web\CController.php(286): CController->runAction(Object(CInlineAction))
#16 C:\xampp\htdocs\veber\framework\web\CController.php(265): CController->runActionWithFilters(Object(CInlineAction), Array)
#17 C:\xampp\htdocs\veber\framework\web\CWebApplication.php(282): CController->run('')
#18 C:\xampp\htdocs\veber\framework\web\CWebApplication.php(141): CWebApplication->runController('')
#19 C:\xampp\htdocs\veber\framework\base\CApplication.php(185): CWebApplication->processRequest()
#20 C:\xampp\htdocs\veber\www\index.php(13): CApplication->run()
#21 {main}
REQUEST_URI=/veber/www/
---
2017/04/10 20:48:39 [error] [exception.CException] exception 'CException' with message 'Не определено свойство "CDbConnection.tablePrifix".' in C:\xampp\htdocs\veber\framework\base\CComponent.php:173
Stack trace:
#0 C:\xampp\htdocs\veber\framework\YiiBase.php(220): CComponent->__set('tablePrifix', 'veb_')
#1 C:\xampp\htdocs\veber\framework\base\CModule.php(393): YiiBase::createComponent(Array)
#2 C:\xampp\htdocs\veber\framework\base\CModule.php(103): CModule->getComponent('db')
#3 C:\xampp\htdocs\veber\framework\gii\generators\model\ModelCode.php(60): CModule->__get('db')
#4 C:\xampp\htdocs\veber\framework\web\CFormModel.php(39): ModelCode->init()
#5 C:\xampp\htdocs\veber\framework\gii\CCodeGenerator.php(153): CFormModel->__construct()
#6 C:\xampp\htdocs\veber\framework\gii\CCodeGenerator.php(63): CCodeGenerator->prepare()
#7 C:\xampp\htdocs\veber\framework\web\actions\CInlineAction.php(49): CCodeGenerator->actionIndex()
#8 C:\xampp\htdocs\veber\framework\web\CController.php(308): CInlineAction->runWithParams(Array)
#9 C:\xampp\htdocs\veber\framework\web\CController.php(286): CController->runAction(Object(CInlineAction))
#10 C:\xampp\htdocs\veber\framework\web\CController.php(265): CController->runActionWithFilters(Object(CInlineAction), Array)
#11 C:\xampp\htdocs\veber\framework\web\CWebApplication.php(282): CController->run('index')
#12 C:\xampp\htdocs\veber\framework\web\CWebApplication.php(141): CWebApplication->runController('gii/model/index')
#13 C:\xampp\htdocs\veber\framework\base\CApplication.php(185): CWebApplication->processRequest()
#14 C:\xampp\htdocs\veber\www\index.php(13): CApplication->run()
#15 {main}
REQUEST_URI=/veber/www/index.php/gii/model/index
HTTP_REFERER=http://localhost/veber/www/index.php/gii/default/index
---
2017/04/10 21:02:00 [error] [exception.CHttpException.404] exception 'CHttpException' with message 'Невозможно обработать запрос "images/logo.png".' in C:\xampp\htdocs\veber\framework\web\CWebApplication.php:286
Stack trace:
#0 C:\xampp\htdocs\veber\framework\web\CWebApplication.php(141): CWebApplication->runController('images/logo.png')
#1 C:\xampp\htdocs\veber\framework\base\CApplication.php(185): CWebApplication->processRequest()
#2 C:\xampp\htdocs\veber\www\index.php(13): CApplication->run()
#3 {main}
REQUEST_URI=/veber/www/index.php/images/logo.png
HTTP_REFERER=http://localhost/veber/www/index.php/services
---
2017/04/10 21:02:01 [error] [exception.CHttpException.404] exception 'CHttpException' with message 'Невозможно обработать запрос "images/logo.png".' in C:\xampp\htdocs\veber\framework\web\CWebApplication.php:286
Stack trace:
#0 C:\xampp\htdocs\veber\framework\web\CWebApplication.php(141): CWebApplication->runController('images/logo.png')
#1 C:\xampp\htdocs\veber\framework\base\CApplication.php(185): CWebApplication->processRequest()
#2 C:\xampp\htdocs\veber\www\index.php(13): CApplication->run()
#3 {main}
REQUEST_URI=/veber/www/index.php/images/logo.png
HTTP_REFERER=http://localhost/veber/www/index.php/services
---
2017/04/10 21:04:00 [error] [exception.CHttpException.404] exception 'CHttpException' with message 'Невозможно обработать запрос "js/jquery.min.map".' in C:\xampp\htdocs\veber\framework\web\CWebApplication.php:286
Stack trace:
#0 C:\xampp\htdocs\veber\framework\web\CWebApplication.php(141): CWebApplication->runController('js/jquery.min.m...')
#1 C:\xampp\htdocs\veber\framework\base\CApplication.php(185): CWebApplication->processRequest()
#2 C:\xampp\htdocs\veber\www\index.php(13): CApplication->run()
#3 {main}
REQUEST_URI=/veber/www/js/jquery.min.map
---
2017/04/10 21:04:00 [error] [exception.CHttpException.404] exception 'CHttpException' with message 'Невозможно обработать запрос "css/lightgallery.css.map".' in C:\xampp\htdocs\veber\framework\web\CWebApplication.php:286
Stack trace:
#0 C:\xampp\htdocs\veber\framework\web\CWebApplication.php(141): CWebApplication->runController('css/lightgaller...')
#1 C:\xampp\htdocs\veber\framework\base\CApplication.php(185): CWebApplication->processRequest()
#2 C:\xampp\htdocs\veber\www\index.php(13): CApplication->run()
#3 {main}
REQUEST_URI=/veber/www/css/lightgallery.css.map
---
2017/04/10 21:04:00 [error] [exception.CHttpException.404] exception 'CHttpException' with message 'Невозможно обработать запрос "css/lg-transitions.css.map".' in C:\xampp\htdocs\veber\framework\web\CWebApplication.php:286
Stack trace:
#0 C:\xampp\htdocs\veber\framework\web\CWebApplication.php(141): CWebApplication->runController('css/lg-transiti...')
#1 C:\xampp\htdocs\veber\framework\base\CApplication.php(185): CWebApplication->processRequest()
#2 C:\xampp\htdocs\veber\www\index.php(13): CApplication->run()
#3 {main}
REQUEST_URI=/veber/www/css/lg-transitions.css.map
---
2017/04/10 21:06:09 [error] [exception.CHttpException.404] exception 'CHttpException' with message 'Невозможно обработать запрос "images/logo.png".' in C:\xampp\htdocs\veber\framework\web\CWebApplication.php:286
Stack trace:
#0 C:\xampp\htdocs\veber\framework\web\CWebApplication.php(141): CWebApplication->runController('images/logo.png')
#1 C:\xampp\htdocs\veber\framework\base\CApplication.php(185): CWebApplication->processRequest()
#2 C:\xampp\htdocs\veber\www\index.php(13): CApplication->run()
#3 {main}
REQUEST_URI=/veber/www/index.php/images/logo.png
HTTP_REFERER=http://localhost/veber/www/index.php/services
---
2017/04/10 21:07:19 [error] [exception.CHttpException.404] exception 'CHttpException' with message 'Невозможно обработать запрос "css/lightgallery.css.map".' in C:\xampp\htdocs\veber\framework\web\CWebApplication.php:286
Stack trace:
#0 C:\xampp\htdocs\veber\framework\web\CWebApplication.php(141): CWebApplication->runController('css/lightgaller...')
#1 C:\xampp\htdocs\veber\framework\base\CApplication.php(185): CWebApplication->processRequest()
#2 C:\xampp\htdocs\veber\www\index.php(13): CApplication->run()
#3 {main}
REQUEST_URI=/veber/www/css/lightgallery.css.map
---
2017/04/10 21:07:19 [error] [exception.CHttpException.404] exception 'CHttpException' with message 'Невозможно обработать запрос "css/lg-transitions.css.map".' in C:\xampp\htdocs\veber\framework\web\CWebApplication.php:286
Stack trace:
#0 C:\xampp\htdocs\veber\framework\web\CWebApplication.php(141): CWebApplication->runController('css/lg-transiti...')
#1 C:\xampp\htdocs\veber\framework\base\CApplication.php(185): CWebApplication->processRequest()
#2 C:\xampp\htdocs\veber\www\index.php(13): CApplication->run()
#3 {main}
REQUEST_URI=/veber/www/css/lg-transitions.css.map
---
2017/04/10 21:07:38 [error] [exception.CHttpException.404] exception 'CHttpException' with message 'Невозможно обработать запрос "js/jquery.min.map".' in C:\xampp\htdocs\veber\framework\web\CWebApplication.php:286
Stack trace:
#0 C:\xampp\htdocs\veber\framework\web\CWebApplication.php(141): CWebApplication->runController('js/jquery.min.m...')
#1 C:\xampp\htdocs\veber\framework\base\CApplication.php(185): CWebApplication->processRequest()
#2 C:\xampp\htdocs\veber\www\index.php(13): CApplication->run()
#3 {main}
REQUEST_URI=/veber/www/js/jquery.min.map
---
2017/04/10 21:07:38 [error] [exception.CHttpException.404] exception 'CHttpException' with message 'Невозможно обработать запрос "css/lg-transitions.css.map".' in C:\xampp\htdocs\veber\framework\web\CWebApplication.php:286
Stack trace:
#0 C:\xampp\htdocs\veber\framework\web\CWebApplication.php(141): CWebApplication->runController('css/lg-transiti...')
#1 C:\xampp\htdocs\veber\framework\base\CApplication.php(185): CWebApplication->processRequest()
#2 C:\xampp\htdocs\veber\www\index.php(13): CApplication->run()
#3 {main}
REQUEST_URI=/veber/www/css/lg-transitions.css.map
---
2017/04/10 21:07:38 [error] [exception.CHttpException.404] exception 'CHttpException' with message 'Невозможно обработать запрос "css/lightgallery.css.map".' in C:\xampp\htdocs\veber\framework\web\CWebApplication.php:286
Stack trace:
#0 C:\xampp\htdocs\veber\framework\web\CWebApplication.php(141): CWebApplication->runController('css/lightgaller...')
#1 C:\xampp\htdocs\veber\framework\base\CApplication.php(185): CWebApplication->processRequest()
#2 C:\xampp\htdocs\veber\www\index.php(13): CApplication->run()
#3 {main}
REQUEST_URI=/veber/www/css/lightgallery.css.map
---
2017/04/10 21:09:46 [error] [exception.CHttpException.404] exception 'CHttpException' with message 'Невозможно обработать запрос "js/jquery.min.map".' in C:\xampp\htdocs\veber\framework\web\CWebApplication.php:286
Stack trace:
#0 C:\xampp\htdocs\veber\framework\web\CWebApplication.php(141): CWebApplication->runController('js/jquery.min.m...')
#1 C:\xampp\htdocs\veber\framework\base\CApplication.php(185): CWebApplication->processRequest()
#2 C:\xampp\htdocs\veber\www\index.php(13): CApplication->run()
#3 {main}
REQUEST_URI=/veber/www/js/jquery.min.map
---
2017/04/10 21:09:46 [error] [exception.CHttpException.404] exception 'CHttpException' with message 'Невозможно обработать запрос "css/lightgallery.css.map".' in C:\xampp\htdocs\veber\framework\web\CWebApplication.php:286
Stack trace:
#0 C:\xampp\htdocs\veber\framework\web\CWebApplication.php(141): CWebApplication->runController('css/lightgaller...')
#1 C:\xampp\htdocs\veber\framework\base\CApplication.php(185): CWebApplication->processRequest()
#2 C:\xampp\htdocs\veber\www\index.php(13): CApplication->run()
#3 {main}
REQUEST_URI=/veber/www/css/lightgallery.css.map
---
2017/04/10 21:09:46 [error] [exception.CHttpException.404] exception 'CHttpException' with message 'Невозможно обработать запрос "css/lg-transitions.css.map".' in C:\xampp\htdocs\veber\framework\web\CWebApplication.php:286
Stack trace:
#0 C:\xampp\htdocs\veber\framework\web\CWebApplication.php(141): CWebApplication->runController('css/lg-transiti...')
#1 C:\xampp\htdocs\veber\framework\base\CApplication.php(185): CWebApplication->processRequest()
#2 C:\xampp\htdocs\veber\www\index.php(13): CApplication->run()
#3 {main}
REQUEST_URI=/veber/www/css/lg-transitions.css.map
---
2017/04/10 21:10:12 [error] [exception.CHttpException.404] exception 'CHttpException' with message 'Невозможно обработать запрос "js/jquery.min.map".' in C:\xampp\htdocs\veber\framework\web\CWebApplication.php:286
Stack trace:
#0 C:\xampp\htdocs\veber\framework\web\CWebApplication.php(141): CWebApplication->runController('js/jquery.min.m...')
#1 C:\xampp\htdocs\veber\framework\base\CApplication.php(185): CWebApplication->processRequest()
#2 C:\xampp\htdocs\veber\www\index.php(13): CApplication->run()
#3 {main}
REQUEST_URI=/veber/www/js/jquery.min.map
---
2017/04/10 21:10:12 [error] [exception.CHttpException.404] exception 'CHttpException' with message 'Невозможно обработать запрос "css/lightgallery.css.map".' in C:\xampp\htdocs\veber\framework\web\CWebApplication.php:286
Stack trace:
#0 C:\xampp\htdocs\veber\framework\web\CWebApplication.php(141): CWebApplication->runController('css/lightgaller...')
#1 C:\xampp\htdocs\veber\framework\base\CApplication.php(185): CWebApplication->processRequest()
#2 C:\xampp\htdocs\veber\www\index.php(13): CApplication->run()
#3 {main}
REQUEST_URI=/veber/www/css/lightgallery.css.map
---
2017/04/10 21:10:12 [error] [exception.CHttpException.404] exception 'CHttpException' with message 'Невозможно обработать запрос "css/lg-transitions.css.map".' in C:\xampp\htdocs\veber\framework\web\CWebApplication.php:286
Stack trace:
#0 C:\xampp\htdocs\veber\framework\web\CWebApplication.php(141): CWebApplication->runController('css/lg-transiti...')
#1 C:\xampp\htdocs\veber\framework\base\CApplication.php(185): CWebApplication->processRequest()
#2 C:\xampp\htdocs\veber\www\index.php(13): CApplication->run()
#3 {main}
REQUEST_URI=/veber/www/css/lg-transitions.css.map
---
2017/04/10 21:10:16 [error] [exception.CHttpException.404] exception 'CHttpException' with message 'Невозможно обработать запрос "images/logo.png".' in C:\xampp\htdocs\veber\framework\web\CWebApplication.php:286
Stack trace:
#0 C:\xampp\htdocs\veber\framework\web\CWebApplication.php(141): CWebApplication->runController('images/logo.png')
#1 C:\xampp\htdocs\veber\framework\base\CApplication.php(185): CWebApplication->processRequest()
#2 C:\xampp\htdocs\veber\www\index.php(13): CApplication->run()
#3 {main}
REQUEST_URI=/veber/www/index.php/images/logo.png
HTTP_REFERER=http://localhost/veber/www/index.php/services
---
2017/04/10 21:10:17 [error] [exception.CHttpException.404] exception 'CHttpException' with message 'Невозможно обработать запрос "images/logo.png".' in C:\xampp\htdocs\veber\framework\web\CWebApplication.php:286
Stack trace:
#0 C:\xampp\htdocs\veber\framework\web\CWebApplication.php(141): CWebApplication->runController('images/logo.png')
#1 C:\xampp\htdocs\veber\framework\base\CApplication.php(185): CWebApplication->processRequest()
#2 C:\xampp\htdocs\veber\www\index.php(13): CApplication->run()
#3 {main}
REQUEST_URI=/veber/www/index.php/images/logo.png
HTTP_REFERER=http://localhost/veber/www/index.php/services
---
2017/04/10 21:11:13 [error] [exception.CHttpException.404] exception 'CHttpException' with message 'Невозможно обработать запрос "css/lightgallery.css.map".' in C:\xampp\htdocs\veber\framework\web\CWebApplication.php:286
Stack trace:
#0 C:\xampp\htdocs\veber\framework\web\CWebApplication.php(141): CWebApplication->runController('css/lightgaller...')
#1 C:\xampp\htdocs\veber\framework\base\CApplication.php(185): CWebApplication->processRequest()
#2 C:\xampp\htdocs\veber\www\index.php(13): CApplication->run()
#3 {main}
REQUEST_URI=/veber/www/css/lightgallery.css.map
---
2017/04/10 21:11:13 [error] [exception.CHttpException.404] exception 'CHttpException' with message 'Невозможно обработать запрос "css/lg-transitions.css.map".' in C:\xampp\htdocs\veber\framework\web\CWebApplication.php:286
Stack trace:
#0 C:\xampp\htdocs\veber\framework\web\CWebApplication.php(141): CWebApplication->runController('css/lg-transiti...')
#1 C:\xampp\htdocs\veber\framework\base\CApplication.php(185): CWebApplication->processRequest()
#2 C:\xampp\htdocs\veber\www\index.php(13): CApplication->run()
#3 {main}
REQUEST_URI=/veber/www/css/lg-transitions.css.map
---
2017/04/10 21:11:30 [error] [exception.CHttpException.404] exception 'CHttpException' with message 'Невозможно обработать запрос "js/jquery.min.map".' in C:\xampp\htdocs\veber\framework\web\CWebApplication.php:286
Stack trace:
#0 C:\xampp\htdocs\veber\framework\web\CWebApplication.php(141): CWebApplication->runController('js/jquery.min.m...')
#1 C:\xampp\htdocs\veber\framework\base\CApplication.php(185): CWebApplication->processRequest()
#2 C:\xampp\htdocs\veber\www\index.php(13): CApplication->run()
#3 {main}
REQUEST_URI=/veber/www/js/jquery.min.map
---
2017/04/10 21:11:30 [error] [exception.CHttpException.404] exception 'CHttpException' with message 'Невозможно обработать запрос "css/lightgallery.css.map".' in C:\xampp\htdocs\veber\framework\web\CWebApplication.php:286
Stack trace:
#0 C:\xampp\htdocs\veber\framework\web\CWebApplication.php(141): CWebApplication->runController('css/lightgaller...')
#1 C:\xampp\htdocs\veber\framework\base\CApplication.php(185): CWebApplication->processRequest()
#2 C:\xampp\htdocs\veber\www\index.php(13): CApplication->run()
#3 {main}
REQUEST_URI=/veber/www/css/lightgallery.css.map
---
2017/04/10 21:11:30 [error] [exception.CHttpException.404] exception 'CHttpException' with message 'Невозможно обработать запрос "css/lg-transitions.css.map".' in C:\xampp\htdocs\veber\framework\web\CWebApplication.php:286
Stack trace:
#0 C:\xampp\htdocs\veber\framework\web\CWebApplication.php(141): CWebApplication->runController('css/lg-transiti...')
#1 C:\xampp\htdocs\veber\framework\base\CApplication.php(185): CWebApplication->processRequest()
#2 C:\xampp\htdocs\veber\www\index.php(13): CApplication->run()
#3 {main}
REQUEST_URI=/veber/www/css/lg-transitions.css.map
---
2017/04/10 21:20:36 [error] [exception.CHttpException.404] exception 'CHttpException' with message 'Невозможно обработать запрос "css/lightgallery.css.map".' in C:\xampp\htdocs\veber\framework\web\CWebApplication.php:286
Stack trace:
#0 C:\xampp\htdocs\veber\framework\web\CWebApplication.php(141): CWebApplication->runController('css/lightgaller...')
#1 C:\xampp\htdocs\veber\framework\base\CApplication.php(185): CWebApplication->processRequest()
#2 C:\xampp\htdocs\veber\www\index.php(13): CApplication->run()
#3 {main}
REQUEST_URI=/veber/www/css/lightgallery.css.map
---
2017/04/10 21:20:36 [error] [exception.CHttpException.404] exception 'CHttpException' with message 'Невозможно обработать запрос "css/lg-transitions.css.map".' in C:\xampp\htdocs\veber\framework\web\CWebApplication.php:286
Stack trace:
#0 C:\xampp\htdocs\veber\framework\web\CWebApplication.php(141): CWebApplication->runController('css/lg-transiti...')
#1 C:\xampp\htdocs\veber\framework\base\CApplication.php(185): CWebApplication->processRequest()
#2 C:\xampp\htdocs\veber\www\index.php(13): CApplication->run()
#3 {main}
REQUEST_URI=/veber/www/css/lg-transitions.css.map
---
2017/04/11 00:40:20 [error] [exception.CException] exception 'CException' with message 'Не определено свойство "CWebApplication.sitemap".' in C:\xampp\htdocs\veber\framework\base\CComponent.php:130
Stack trace:
#0 C:\xampp\htdocs\veber\framework\base\CModule.php(105): CComponent->__get('sitemap')
#1 C:\xampp\htdocs\veber\www\protected\controllers\SiteController.php(30): CModule->__get('sitemap')
#2 C:\xampp\htdocs\veber\framework\web\actions\CInlineAction.php(49): SiteController->actionIndex()
#3 C:\xampp\htdocs\veber\framework\web\CController.php(308): CInlineAction->runWithParams(Array)
#4 C:\xampp\htdocs\veber\framework\web\CController.php(286): CController->runAction(Object(CInlineAction))
#5 C:\xampp\htdocs\veber\framework\web\CController.php(265): CController->runActionWithFilters(Object(CInlineAction), Array)
#6 C:\xampp\htdocs\veber\framework\web\CWebApplication.php(282): CController->run('')
#7 C:\xampp\htdocs\veber\framework\web\CWebApplication.php(141): CWebApplication->runController('')
#8 C:\xampp\htdocs\veber\framework\base\CApplication.php(185): CWebApplication->processRequest()
#9 C:\xampp\htdocs\veber\www\index.php(13): CApplication->run()
#10 {main}
REQUEST_URI=/veber/www/
HTTP_REFERER=http://localhost/veber/www/
---
2017/04/11 00:42:31 [error] [exception.CException] exception 'CException' with message 'Не определено свойство "CWebApplication.sitemap".' in C:\xampp\htdocs\veber\framework\base\CComponent.php:130
Stack trace:
#0 C:\xampp\htdocs\veber\framework\base\CModule.php(105): CComponent->__get('sitemap')
#1 C:\xampp\htdocs\veber\www\protected\controllers\SiteController.php(30): CModule->__get('sitemap')
#2 C:\xampp\htdocs\veber\framework\web\actions\CInlineAction.php(49): SiteController->actionIndex()
#3 C:\xampp\htdocs\veber\framework\web\CController.php(308): CInlineAction->runWithParams(Array)
#4 C:\xampp\htdocs\veber\framework\web\CController.php(286): CController->runAction(Object(CInlineAction))
#5 C:\xampp\htdocs\veber\framework\web\CController.php(265): CController->runActionWithFilters(Object(CInlineAction), Array)
#6 C:\xampp\htdocs\veber\framework\web\CWebApplication.php(282): CController->run('')
#7 C:\xampp\htdocs\veber\framework\web\CWebApplication.php(141): CWebApplication->runController('')
#8 C:\xampp\htdocs\veber\framework\base\CApplication.php(185): CWebApplication->processRequest()
#9 C:\xampp\htdocs\veber\www\index.php(13): CApplication->run()
#10 {main}
REQUEST_URI=/veber/www/
HTTP_REFERER=http://localhost/veber/www/
---
2017/04/11 00:43:23 [error] [exception.CException] exception 'CException' with message 'Не определено свойство "CWebApplication.sitemap".' in C:\xampp\htdocs\veber\framework\base\CComponent.php:130
Stack trace:
#0 C:\xampp\htdocs\veber\framework\base\CModule.php(105): CComponent->__get('sitemap')
#1 C:\xampp\htdocs\veber\www\protected\controllers\SiteController.php(33): CModule->__get('sitemap')
#2 C:\xampp\htdocs\veber\framework\web\actions\CInlineAction.php(49): SiteController->actionIndex()
#3 C:\xampp\htdocs\veber\framework\web\CController.php(308): CInlineAction->runWithParams(Array)
#4 C:\xampp\htdocs\veber\framework\web\CController.php(286): CController->runAction(Object(CInlineAction))
#5 C:\xampp\htdocs\veber\framework\web\CController.php(265): CController->runActionWithFilters(Object(CInlineAction), Array)
#6 C:\xampp\htdocs\veber\framework\web\CWebApplication.php(282): CController->run('')
#7 C:\xampp\htdocs\veber\framework\web\CWebApplication.php(141): CWebApplication->runController('')
#8 C:\xampp\htdocs\veber\framework\base\CApplication.php(185): CWebApplication->processRequest()
#9 C:\xampp\htdocs\veber\www\index.php(13): CApplication->run()
#10 {main}
REQUEST_URI=/veber/www/
HTTP_REFERER=http://localhost/veber/www/
---
2017/04/11 23:09:39 [error] [exception.CHttpException.404] exception 'CHttpException' with message 'Невозможно обработать запрос "gii/index".' in C:\xampp\htdocs\veber\framework\web\CWebApplication.php:286
Stack trace:
#0 C:\xampp\htdocs\veber\framework\web\CWebApplication.php(141): CWebApplication->runController('gii/index')
#1 C:\xampp\htdocs\veber\framework\base\CApplication.php(185): CWebApplication->processRequest()
#2 C:\xampp\htdocs\veber\www\index.php(13): CApplication->run()
#3 {main}
REQUEST_URI=/veber/www/gii
---
2017/04/11 23:10:03 [error] [exception.CHttpException.404] exception 'CHttpException' with message 'Невозможно обработать запрос "gii/index.php".' in C:\xampp\htdocs\veber\framework\web\CWebApplication.php:286
Stack trace:
#0 C:\xampp\htdocs\veber\framework\web\CWebApplication.php(141): CWebApplication->runController('gii/index.php')
#1 C:\xampp\htdocs\veber\framework\base\CApplication.php(185): CWebApplication->processRequest()
#2 C:\xampp\htdocs\veber\www\index.php(13): CApplication->run()
#3 {main}
REQUEST_URI=/veber/www/gii/index.php
---
2017/04/11 23:10:53 [error] [exception.CHttpException.404] exception 'CHttpException' with message 'Невозможно обработать запрос "gii/index".' in C:\xampp\htdocs\veber\framework\web\CWebApplication.php:286
Stack trace:
#0 C:\xampp\htdocs\veber\framework\web\CWebApplication.php(141): CWebApplication->runController('gii/index')
#1 C:\xampp\htdocs\veber\framework\base\CApplication.php(185): CWebApplication->processRequest()
#2 C:\xampp\htdocs\veber\www\index.php(13): CApplication->run()
#3 {main}
REQUEST_URI=/veber/www/gii
---
2017/04/11 23:17:39 [error] [exception.CHttpException.404] exception 'CHttpException' with message 'Невозможно обработать запрос "gii/index".' in C:\xampp\htdocs\veber\framework\web\CWebApplication.php:286
Stack trace:
#0 C:\xampp\htdocs\veber\framework\web\CWebApplication.php(141): CWebApplication->runController('gii/index')
#1 C:\xampp\htdocs\veber\framework\base\CApplication.php(185): CWebApplication->processRequest()
#2 C:\xampp\htdocs\veber\www\index.php(13): CApplication->run()
#3 {main}
REQUEST_URI=/veber/www/gii
---
2017/04/11 23:18:33 [error] [exception.CHttpException.404] exception 'CHttpException' with message 'Невозможно обработать запрос "gii/index".' in C:\xampp\htdocs\veber\framework\web\CWebApplication.php:286
Stack trace:
#0 C:\xampp\htdocs\veber\framework\web\CWebApplication.php(141): CWebApplication->runController('gii/index')
#1 C:\xampp\htdocs\veber\framework\base\CApplication.php(185): CWebApplication->processRequest()
#2 C:\xampp\htdocs\veber\www\index.php(13): CApplication->run()
#3 {main}
REQUEST_URI=/veber/www/gii
---
2017/04/11 23:23:04 [error] [exception.CHttpException.404] exception 'CHttpException' with message 'Невозможно обработать запрос "git/index".' in C:\xampp\htdocs\veber\framework\web\CWebApplication.php:286
Stack trace:
#0 C:\xampp\htdocs\veber\framework\web\CWebApplication.php(141): CWebApplication->runController('git/index')
#1 C:\xampp\htdocs\veber\framework\base\CApplication.php(185): CWebApplication->processRequest()
#2 C:\xampp\htdocs\veber\www\index.php(13): CApplication->run()
#3 {main}
REQUEST_URI=/veber/www/git
---
2017/04/11 23:23:32 [error] [exception.CHttpException.404] exception 'CHttpException' with message 'Невозможно обработать запрос "git/index".' in C:\xampp\htdocs\veber\framework\web\CWebApplication.php:286
Stack trace:
#0 C:\xampp\htdocs\veber\framework\web\CWebApplication.php(141): CWebApplication->runController('git/index')
#1 C:\xampp\htdocs\veber\framework\base\CApplication.php(185): CWebApplication->processRequest()
#2 C:\xampp\htdocs\veber\www\index.php(13): CApplication->run()
#3 {main}
REQUEST_URI=/veber/www/git
---
2017/04/11 23:23:55 [error] [exception.CHttpException.404] exception 'CHttpException' with message 'Невозможно обработать запрос "git/index".' in C:\xampp\htdocs\veber\framework\web\CWebApplication.php:286
Stack trace:
#0 C:\xampp\htdocs\veber\framework\web\CWebApplication.php(141): CWebApplication->runController('git/index')
#1 C:\xampp\htdocs\veber\framework\base\CApplication.php(185): CWebApplication->processRequest()
#2 C:\xampp\htdocs\veber\www\index.php(13): CApplication->run()
#3 {main}
REQUEST_URI=/veber/www/git
---
2017/04/11 23:24:15 [error] [exception.CHttpException.404] exception 'CHttpException' with message 'Невозможно обработать запрос "git".' in C:\xampp\htdocs\veber\framework\web\CWebApplication.php:286
Stack trace:
#0 C:\xampp\htdocs\veber\framework\web\CWebApplication.php(141): CWebApplication->runController('git')
#1 C:\xampp\htdocs\veber\framework\base\CApplication.php(185): CWebApplication->processRequest()
#2 C:\xampp\htdocs\veber\www\index.php(13): CApplication->run()
#3 {main}
REQUEST_URI=/veber/www/git
---
2017/04/11 23:24:42 [error] [exception.CHttpException.404] exception 'CHttpException' with message 'Невозможно обработать запрос "gii/index".' in C:\xampp\htdocs\veber\framework\web\CWebApplication.php:286
Stack trace:
#0 C:\xampp\htdocs\veber\framework\web\CWebApplication.php(141): CWebApplication->runController('gii/index')
#1 C:\xampp\htdocs\veber\framework\base\CApplication.php(185): CWebApplication->processRequest()
#2 C:\xampp\htdocs\veber\www\index.php(13): CApplication->run()
#3 {main}
REQUEST_URI=/veber/www/gii
---
2017/04/11 23:30:55 [error] [exception.CHttpException.404] exception 'CHttpException' with message 'Невозможно обработать запрос "css/lg-transitions.css.map".' in C:\xampp\htdocs\veber\framework\web\CWebApplication.php:286
Stack trace:
#0 C:\xampp\htdocs\veber\framework\web\CWebApplication.php(141): CWebApplication->runController('css/lg-transiti...')
#1 C:\xampp\htdocs\veber\framework\base\CApplication.php(185): CWebApplication->processRequest()
#2 C:\xampp\htdocs\veber\www\index.php(13): CApplication->run()
#3 {main}
REQUEST_URI=/veber/www/css/lg-transitions.css.map
---
2017/04/11 23:30:55 [error] [exception.CHttpException.404] exception 'CHttpException' with message 'Невозможно обработать запрос "css/lightgallery.css.map".' in C:\xampp\htdocs\veber\framework\web\CWebApplication.php:286
Stack trace:
#0 C:\xampp\htdocs\veber\framework\web\CWebApplication.php(141): CWebApplication->runController('css/lightgaller...')
#1 C:\xampp\htdocs\veber\framework\base\CApplication.php(185): CWebApplication->processRequest()
#2 C:\xampp\htdocs\veber\www\index.php(13): CApplication->run()
#3 {main}
REQUEST_URI=/veber/www/css/lightgallery.css.map
---
2017/04/11 23:31:58 [error] [exception.CHttpException.404] exception 'CHttpException' with message 'Невозможно обработать запрос "js/jquery.min.map".' in C:\xampp\htdocs\veber\framework\web\CWebApplication.php:286
Stack trace:
#0 C:\xampp\htdocs\veber\framework\web\CWebApplication.php(141): CWebApplication->runController('js/jquery.min.m...')
#1 C:\xampp\htdocs\veber\framework\base\CApplication.php(185): CWebApplication->processRequest()
#2 C:\xampp\htdocs\veber\www\index.php(13): CApplication->run()
#3 {main}
REQUEST_URI=/veber/www/js/jquery.min.map
---
2017/04/11 23:31:58 [error] [exception.CHttpException.404] exception 'CHttpException' with message 'Невозможно обработать запрос "css/lightgallery.css.map".' in C:\xampp\htdocs\veber\framework\web\CWebApplication.php:286
Stack trace:
#0 C:\xampp\htdocs\veber\framework\web\CWebApplication.php(141): CWebApplication->runController('css/lightgaller...')
#1 C:\xampp\htdocs\veber\framework\base\CApplication.php(185): CWebApplication->processRequest()
#2 C:\xampp\htdocs\veber\www\index.php(13): CApplication->run()
#3 {main}
REQUEST_URI=/veber/www/css/lightgallery.css.map
---
2017/04/11 23:31:58 [error] [exception.CHttpException.404] exception 'CHttpException' with message 'Невозможно обработать запрос "css/lg-transitions.css.map".' in C:\xampp\htdocs\veber\framework\web\CWebApplication.php:286
Stack trace:
#0 C:\xampp\htdocs\veber\framework\web\CWebApplication.php(141): CWebApplication->runController('css/lg-transiti...')
#1 C:\xampp\htdocs\veber\framework\base\CApplication.php(185): CWebApplication->processRequest()
#2 C:\xampp\htdocs\veber\www\index.php(13): CApplication->run()
#3 {main}
REQUEST_URI=/veber/www/css/lg-transitions.css.map
---
2017/04/11 23:32:23 [error] [exception.CHttpException.404] exception 'CHttpException' with message 'Невозможно обработать запрос "js/jquery.min.map".' in C:\xampp\htdocs\veber\framework\web\CWebApplication.php:286
Stack trace:
#0 C:\xampp\htdocs\veber\framework\web\CWebApplication.php(141): CWebApplication->runController('js/jquery.min.m...')
#1 C:\xampp\htdocs\veber\framework\base\CApplication.php(185): CWebApplication->processRequest()
#2 C:\xampp\htdocs\veber\www\index.php(13): CApplication->run()
#3 {main}
REQUEST_URI=/veber/www/js/jquery.min.map
---
2017/04/11 23:32:23 [error] [exception.CHttpException.404] exception 'CHttpException' with message 'Невозможно обработать запрос "css/lightgallery.css.map".' in C:\xampp\htdocs\veber\framework\web\CWebApplication.php:286
Stack trace:
#0 C:\xampp\htdocs\veber\framework\web\CWebApplication.php(141): CWebApplication->runController('css/lightgaller...')
#1 C:\xampp\htdocs\veber\framework\base\CApplication.php(185): CWebApplication->processRequest()
#2 C:\xampp\htdocs\veber\www\index.php(13): CApplication->run()
#3 {main}
REQUEST_URI=/veber/www/css/lightgallery.css.map
---
2017/04/11 23:32:24 [error] [exception.CHttpException.404] exception 'CHttpException' with message 'Невозможно обработать запрос "css/lg-transitions.css.map".' in C:\xampp\htdocs\veber\framework\web\CWebApplication.php:286
Stack trace:
#0 C:\xampp\htdocs\veber\framework\web\CWebApplication.php(141): CWebApplication->runController('css/lg-transiti...')
#1 C:\xampp\htdocs\veber\framework\base\CApplication.php(185): CWebApplication->processRequest()
#2 C:\xampp\htdocs\veber\www\index.php(13): CApplication->run()
#3 {main}
REQUEST_URI=/veber/www/css/lg-transitions.css.map
---
